* using log directory 'D:/Dokument/732A50/RLab4/RLab4.Rcheck'
* using R version 3.2.2 (2015-08-14)
* using platform: x86_64-w64-mingw32 (64-bit)
* using session charset: ISO8859-1
* checking for file 'RLab4/DESCRIPTION' ... OK
* checking extension type ... Package
* this is package 'RLab4' version '1.0'
* checking package namespace information ... OK
* checking package dependencies ... OK
* checking if this is a source package ... OK
* checking if there is a namespace ... OK
* checking for .dll and .exe files ... OK
* checking for hidden files and directories ... OK
* checking for portable file names ... OK
* checking whether package 'RLab4' can be installed ... OK
* checking package directory ... OK
* checking DESCRIPTION meta-information ... NOTE
Malformed Description field: should contain one or more complete sentences.
Non-standard license specification:
  What license is it under?
Standardizable: FALSE
* checking top-level files ... OK
* checking for left-over files ... OK
* checking index information ... OK
* checking package subdirectories ... OK
* checking R files for non-ASCII characters ... OK
* checking R files for syntax errors ... OK
* checking whether the package can be loaded ... OK
* checking whether the package can be loaded with stated dependencies ... OK
* checking whether the package can be unloaded cleanly ... OK
* checking whether the namespace can be loaded with stated dependencies ... OK
* checking whether the namespace can be unloaded cleanly ... OK
* checking loading without being on the library search path ... OK
* checking dependencies in R code ... NOTE
package 'methods' is used but not declared
* checking S3 generic/method consistency ... OK
* checking replacement functions ... OK
* checking foreign function calls ... OK
* checking R code for possible problems ... NOTE
my_theme: no visible global function definition for 'theme_grey'
my_theme: no visible global function definition for 'theme'
my_theme: no visible global function definition for 'element_text'
my_theme: no visible global function definition for 'rel'
my_theme: no visible global function definition for 'element_line'
my_theme: no visible global function definition for 'element_rect'
* checking Rd files ... OK
* checking Rd metadata ... OK
* checking Rd cross-references ... OK
* checking for missing documentation entries ... WARNING
Undocumented code objects:
  'my_theme'
All user-level objects in a package should have documentation entries.
See chapter 'Writing R documentation files' in the 'Writing R
Extensions' manual.
* checking for code/documentation mismatches ... WARNING
Codoc mismatches from documentation object 'RLab4-package':
linreg
  Code: function(...)
  Docs: function(formula, data)
  Argument names in code not in docs:
    ...
  Argument names in docs not in code:
    formula data
  Mismatches in argument names:
    Position: 1 Code: ... Docs: formula

Codoc mismatches from documentation object 'linreg':
linreg
  Code: function(...)
  Docs: function(formula, data)
  Argument names in code not in docs:
    ...
  Argument names in docs not in code:
    formula data
  Mismatches in argument names:
    Position: 1 Code: ... Docs: formula

* checking Rd \usage sections ... WARNING
Undocumented arguments in documentation object 'RLab4-package'
  'formula' 'data'
Objects in \usage without \alias in documentation object 'RLab4-package':
  'linreg'

Functions with \usage entries need to have the appropriate \alias
entries, and all their arguments documented.
The \usage entries must correspond to syntactically valid R code.
See chapter 'Writing R documentation files' in the 'Writing R
Extensions' manual.
* checking Rd contents ... OK
* checking for unstated dependencies in examples ... OK
* checking installed files from 'inst/doc' ... OK
* checking for old-style vignette sources ... NOTE
Vignette sources only in 'inst/doc':
  'RLab4.Rmd'
A 'vignettes' directory is required as from R 3.1.0
and these will not be indexed nor checked
* checking examples ... NONE
* checking for unstated dependencies in 'tests' ... OK
* checking tests ... OK
  Running 'testthat.R'
* checking PDF version of manual ... OK
* DONE
Status: 3 WARNINGs, 4 NOTEs
